2025-04-27 08:40:00 | DEBUG | repo=llamafile | action=test | passed=true
2025-10-07 10:26:00 | WARN | repo=llamafile | action=pull
2025-08-03 18:57:00 | DEBUG | repo=llamafile | action=edit | files=4
2025-09-09 11:10:00 | WARN | repo=llamafile | action=test | passed=true
2025-09-14 19:02:00 | WARN | repo=llamafile | action=pull
2025-03-02 07:15:00 | INFO | repo=llamafile | action=commit
2025-06-21 08:18:00 | INFO | repo=llamafile | action=commit
2025-10-26 09:35:00 | DEBUG | repo=llamafile | action=commit
2025-07-22 11:31:00 | DEBUG | repo=llamafile | action=commit
2025-05-01 07:14:00 | DEBUG | repo=llamafile | action=edit | files=3
2025-11-17 12:27:00 | WARN | repo=llamafile | action=commit
2025-02-03 11:02:00 | DEBUG | repo=llamafile | action=pull
2025-02-06 20:09:00 | WARN | repo=llamafile | action=commit
2025-11-14 15:24:00 | WARN | repo=llamafile | action=pull
2025-09-07 16:35:00 | WARN | repo=llamafile | action=commit
2025-03-12 10:50:00 | WARN | repo=llamafile | action=test | passed=true
2025-01-14 21:34:00 | INFO | repo=llamafile | action=commit
2025-07-24 08:34:00 | DEBUG | repo=llamafile | action=commit
2025-11-11 18:41:00 | INFO | repo=llamafile | action=commit
2025-01-18 19:05:00 | INFO | repo=llamafile | action=commit
2025-03-03 20:22:00 | INFO | repo=llamafile | action=commit
2025-12-07 12:06:00 | DEBUG | repo=llamafile | action=commit
2025-02-25 12:37:00 | DEBUG | repo=llamafile | action=commit
2025-04-15 17:44:00 | INFO | repo=llamafile | action=pull
2025-06-03 19:36:00 | DEBUG | repo=llamafile | action=commit
2025-06-17 19:51:00 | INFO | repo=llamafile | action=commit
2025-02-01 07:19:00 | INFO | repo=llamafile | action=commit
2025-12-23 16:10:00 | WARN | repo=llamafile | action=edit | files=4
2025-05-04 20:31:00 | DEBUG | repo=llamafile | action=commit
2025-01-08 16:31:00 | WARN | repo=llamafile | action=pull
2025-05-01 21:08:00 | INFO | repo=llamafile | action=edit | files=2
2025-09-09 10:39:00 | INFO | repo=llamafile | action=edit | files=4
2025-12-05 08:46:00 | WARN | repo=llamafile | action=pull
2025-12-25 07:56:00 | DEBUG | repo=llamafile | action=commit
2025-05-21 18:07:00 | WARN | repo=llamafile | action=commit
2025-11-07 19:48:00 | WARN | repo=llamafile | action=commit
2025-03-28 13:52:00 | DEBUG | repo=llamafile | action=commit
2025-06-12 19:26:00 | WARN | repo=llamafile | action=test | passed=true
2025-11-05 20:54:00 | WARN | repo=llamafile | action=commit
2025-06-24 18:24:00 | WARN | repo=llamafile | action=pull
2025-04-05 07:39:00 | WARN | repo=llamafile | action=commit
2025-06-22 08:41:00 | INFO | repo=llamafile | action=commit
2025-09-23 14:33:00 | WARN | repo=llamafile | action=commit
2025-04-07 07:34:00 | INFO | repo=llamafile | action=commit
2025-03-02 07:32:00 | DEBUG | repo=llamafile | action=commit
2025-04-19 20:54:00 | INFO | repo=llamafile | action=commit
2025-07-09 11:44:00 | DEBUG | repo=llamafile | action=test | passed=true
2025-12-15 21:51:00 | DEBUG | repo=llamafile | action=commit
2025-01-24 11:47:00 | WARN | repo=llamafile | action=commit
2025-12-18 20:33:00 | INFO | repo=llamafile | action=commit
2025-04-10 11:43:00 | INFO | repo=llamafile | action=edit | files=1
2025-11-08 08:30:00 | DEBUG | repo=llamafile | action=commit
2025-12-25 14:09:00 | WARN | repo=llamafile | action=commit
